# Logfile created on 2011-01-13 01:30:52 +0800 by logger.rb/20321
I, [2011-01-13 01:30:52 pid:#5592]  INFO -- : TargetURL: http://localhost/drupal7/
I, [2011-01-13 01:30:52 pid:#5592]  INFO -- : Source: paths/drupal-7.0
I, [2011-01-13 01:30:52 pid:#5592]  INFO -- : Settings: follow redirect: false,null cookie: false, total threads: 10
I, [2011-01-13 01:30:52 pid:#5592]  INFO -- : Date:  01:30:52 01-13-2011


I, [2011-01-13 01:31:32 pid:#5592]  INFO -- : [*] http://localhost/drupal7/modules/simpletest/tests/upgrade/drupal-6.upload.database.php

[html_source]
<br />
<b>Fatal error</b>:  Call to undefined function db_insert() in <b>/home/victim/public_html/drupal7/modules/simpletest/tests/upgrade/drupal-6.upload.database.php</b> on line <b>4</b><br />
[/html_source]


I, [2011-01-13 01:31:32 pid:#5592]  INFO -- : [*] http://localhost/drupal7/modules/simpletest/tests/upgrade/drupal-6.locale.database.php

[html_source]
<br />
<b>Fatal error</b>:  Call to undefined function db_create_table() in <b>/home/victim/public_html/drupal7/modules/simpletest/tests/upgrade/drupal-6.locale.database.php</b> on line <b>8</b><br />
[/html_source]


I, [2011-01-13 01:31:33 pid:#5592]  INFO -- : [*] http://localhost/drupal7/modules/simpletest/tests/upgrade/drupal-6.filled.database.php

[html_source]
<br />
<b>Fatal error</b>:  Call to undefined function db_create_table() in <b>/home/victim/public_html/drupal7/modules/simpletest/tests/upgrade/drupal-6.filled.database.php</b> on line <b>27</b><br />
[/html_source]


I, [2011-01-13 01:31:34 pid:#5592]  INFO -- : [*] http://localhost/drupal7/modules/simpletest/tests/upgrade/drupal-6.comments.database.php

[html_source]
<br />
<b>Fatal error</b>:  Call to undefined function db_update() in <b>/home/victim/public_html/drupal7/modules/simpletest/tests/upgrade/drupal-6.comments.database.php</b> on line <b>2</b><br />
[/html_source]


I, [2011-01-13 01:31:34 pid:#5592]  INFO -- : [*] http://localhost/drupal7/modules/simpletest/tests/upgrade/drupal-6.bare.database.php

[html_source]
<br />
<b>Fatal error</b>:  Call to undefined function db_create_table() in <b>/home/victim/public_html/drupal7/modules/simpletest/tests/upgrade/drupal-6.bare.database.php</b> on line <b>18</b><br />
[/html_source]


I, [2011-01-13 01:32:31 pid:#5592]  INFO -- : ! Username detected = victim
I, [2011-01-13 01:32:31 pid:#5592]  INFO -- : Vulnerable url(s) = 5
I, [2011-01-13 01:32:31 pid:#5592]  INFO -- : Total requests = 103
I, [2011-01-13 01:32:31 pid:#5592]  INFO -- : Generated by inspathx, path disclosure finder tool
I, [2011-01-13 01:32:31 pid:#5592]  INFO -- : by Aung Khant, http://yehg.net/lab


I, [2011-01-13 01:32:31 pid:#5592]  INFO -- : 
Send bugs, suggestions, contributions to inspathx[at]yehg.net
